CRITICAL - 2023-08-26 00:56:37 --> Invalid file: "front/footer_view.php"
in SYSTEMPATH\Exceptions\FrameworkException.php on line 33.
 1 SYSTEMPATH\View\View.php(212): CodeIgniter\Exceptions\FrameworkException::forInvalidFile('front/footer_view.php')
 2 SYSTEMPATH\Common.php(1176): CodeIgniter\View\View->render('front/footer_view', [], true)
 3 APPPATH\Controllers\Home.php(46): view('front/footer_view')
 4 SYSTEMPATH\CodeIgniter.php(932): App\Controllers\Home->catalogo()
 5 SYSTEMPATH\CodeIgniter.php(497): CodeIgniter\CodeIgniter->runController(Object(App\Controllers\Home))
 6 SYSTEMPATH\CodeIgniter.php(366): CodeIgniter\CodeIgniter->handleRequest(null, Object(Config\Cache), false)
 7 FCPATH\index.php(67): CodeIgniter\CodeIgniter->run()
CRITICAL - 2023-08-26 00:57:02 --> Invalid file: "front/footer_view.php"
in SYSTEMPATH\Exceptions\FrameworkException.php on line 33.
 1 SYSTEMPATH\View\View.php(212): CodeIgniter\Exceptions\FrameworkException::forInvalidFile('front/footer_view.php')
 2 SYSTEMPATH\Common.php(1176): CodeIgniter\View\View->render('front/footer_view', [], true)
 3 APPPATH\Controllers\Home.php(39): view('front/footer_view')
 4 SYSTEMPATH\CodeIgniter.php(932): App\Controllers\Home->login()
 5 SYSTEMPATH\CodeIgniter.php(497): CodeIgniter\CodeIgniter->runController(Object(App\Controllers\Home))
 6 SYSTEMPATH\CodeIgniter.php(366): CodeIgniter\CodeIgniter->handleRequest(null, Object(Config\Cache), false)
 7 FCPATH\index.php(67): CodeIgniter\CodeIgniter->run()
CRITICAL - 2023-08-26 00:57:15 --> Invalid file: "front/footer_view.php"
in SYSTEMPATH\Exceptions\FrameworkException.php on line 33.
 1 SYSTEMPATH\View\View.php(212): CodeIgniter\Exceptions\FrameworkException::forInvalidFile('front/footer_view.php')
 2 SYSTEMPATH\Common.php(1176): CodeIgniter\View\View->render('front/footer_view', [], true)
 3 APPPATH\Controllers\Home.php(32): view('front/footer_view')
 4 SYSTEMPATH\CodeIgniter.php(932): App\Controllers\Home->registro()
 5 SYSTEMPATH\CodeIgniter.php(497): CodeIgniter\CodeIgniter->runController(Object(App\Controllers\Home))
 6 SYSTEMPATH\CodeIgniter.php(366): CodeIgniter\CodeIgniter->handleRequest(null, Object(Config\Cache), false)
 7 FCPATH\index.php(67): CodeIgniter\CodeIgniter->run()
CRITICAL - 2023-08-26 00:57:17 --> Invalid file: "front/footer_view.php"
in SYSTEMPATH\Exceptions\FrameworkException.php on line 33.
 1 SYSTEMPATH\View\View.php(212): CodeIgniter\Exceptions\FrameworkException::forInvalidFile('front/footer_view.php')
 2 SYSTEMPATH\Common.php(1176): CodeIgniter\View\View->render('front/footer_view', [], true)
 3 APPPATH\Controllers\Home.php(25): view('front/footer_view')
 4 SYSTEMPATH\CodeIgniter.php(932): App\Controllers\Home->acerca_de()
 5 SYSTEMPATH\CodeIgniter.php(497): CodeIgniter\CodeIgniter->runController(Object(App\Controllers\Home))
 6 SYSTEMPATH\CodeIgniter.php(366): CodeIgniter\CodeIgniter->handleRequest(null, Object(Config\Cache), false)
 7 FCPATH\index.php(67): CodeIgniter\CodeIgniter->run()
CRITICAL - 2023-08-26 00:57:29 --> Invalid file: "front/footer_view.php"
in SYSTEMPATH\Exceptions\FrameworkException.php on line 33.
 1 SYSTEMPATH\View\View.php(212): CodeIgniter\Exceptions\FrameworkException::forInvalidFile('front/footer_view.php')
 2 SYSTEMPATH\Common.php(1176): CodeIgniter\View\View->render('front/footer_view', [], true)
 3 APPPATH\Controllers\Home.php(10): view('front/footer_view')
 4 SYSTEMPATH\CodeIgniter.php(932): App\Controllers\Home->index()
 5 SYSTEMPATH\CodeIgniter.php(497): CodeIgniter\CodeIgniter->runController(Object(App\Controllers\Home))
 6 SYSTEMPATH\CodeIgniter.php(366): CodeIgniter\CodeIgniter->handleRequest(null, Object(Config\Cache), false)
 7 FCPATH\index.php(67): CodeIgniter\CodeIgniter->run()
CRITICAL - 2023-08-26 01:00:16 --> Invalid file: "front/footer_view.php"
in SYSTEMPATH\Exceptions\FrameworkException.php on line 33.
 1 SYSTEMPATH\View\View.php(212): CodeIgniter\Exceptions\FrameworkException::forInvalidFile('front/footer_view.php')
 2 SYSTEMPATH\Common.php(1176): CodeIgniter\View\View->render('front/footer_view', [], true)
 3 APPPATH\Controllers\Home.php(10): view('front/footer_view')
 4 SYSTEMPATH\CodeIgniter.php(932): App\Controllers\Home->index()
 5 SYSTEMPATH\CodeIgniter.php(497): CodeIgniter\CodeIgniter->runController(Object(App\Controllers\Home))
 6 SYSTEMPATH\CodeIgniter.php(366): CodeIgniter\CodeIgniter->handleRequest(null, Object(Config\Cache), false)
 7 FCPATH\index.php(67): CodeIgniter\CodeIgniter->run()
CRITICAL - 2023-08-26 01:00:50 --> Invalid file: "front/footer_view.php"
in SYSTEMPATH\Exceptions\FrameworkException.php on line 33.
 1 SYSTEMPATH\View\View.php(212): CodeIgniter\Exceptions\FrameworkException::forInvalidFile('front/footer_view.php')
 2 SYSTEMPATH\Common.php(1176): CodeIgniter\View\View->render('front/footer_view', [], true)
 3 APPPATH\Controllers\Home.php(10): view('front/footer_view')
 4 SYSTEMPATH\CodeIgniter.php(932): App\Controllers\Home->index()
 5 SYSTEMPATH\CodeIgniter.php(497): CodeIgniter\CodeIgniter->runController(Object(App\Controllers\Home))
 6 SYSTEMPATH\CodeIgniter.php(366): CodeIgniter\CodeIgniter->handleRequest(null, Object(Config\Cache), false)
 7 FCPATH\index.php(67): CodeIgniter\CodeIgniter->run()
CRITICAL - 2023-08-26 01:00:56 --> Invalid file: "front/footer_view.php"
in SYSTEMPATH\Exceptions\FrameworkException.php on line 33.
 1 SYSTEMPATH\View\View.php(212): CodeIgniter\Exceptions\FrameworkException::forInvalidFile('front/footer_view.php')
 2 SYSTEMPATH\Common.php(1176): CodeIgniter\View\View->render('front/footer_view', [], true)
 3 APPPATH\Controllers\Home.php(39): view('front/footer_view')
 4 SYSTEMPATH\CodeIgniter.php(932): App\Controllers\Home->login()
 5 SYSTEMPATH\CodeIgniter.php(497): CodeIgniter\CodeIgniter->runController(Object(App\Controllers\Home))
 6 SYSTEMPATH\CodeIgniter.php(366): CodeIgniter\CodeIgniter->handleRequest(null, Object(Config\Cache), false)
 7 FCPATH\index.php(67): CodeIgniter\CodeIgniter->run()
CRITICAL - 2023-08-26 01:00:57 --> Invalid file: "front/footer_view.php"
in SYSTEMPATH\Exceptions\FrameworkException.php on line 33.
 1 SYSTEMPATH\View\View.php(212): CodeIgniter\Exceptions\FrameworkException::forInvalidFile('front/footer_view.php')
 2 SYSTEMPATH\Common.php(1176): CodeIgniter\View\View->render('front/footer_view', [], true)
 3 APPPATH\Controllers\Home.php(32): view('front/footer_view')
 4 SYSTEMPATH\CodeIgniter.php(932): App\Controllers\Home->registro()
 5 SYSTEMPATH\CodeIgniter.php(497): CodeIgniter\CodeIgniter->runController(Object(App\Controllers\Home))
 6 SYSTEMPATH\CodeIgniter.php(366): CodeIgniter\CodeIgniter->handleRequest(null, Object(Config\Cache), false)
 7 FCPATH\index.php(67): CodeIgniter\CodeIgniter->run()
CRITICAL - 2023-08-26 01:00:58 --> Invalid file: "front/footer_view.php"
in SYSTEMPATH\Exceptions\FrameworkException.php on line 33.
 1 SYSTEMPATH\View\View.php(212): CodeIgniter\Exceptions\FrameworkException::forInvalidFile('front/footer_view.php')
 2 SYSTEMPATH\Common.php(1176): CodeIgniter\View\View->render('front/footer_view', [], true)
 3 APPPATH\Controllers\Home.php(46): view('front/footer_view')
 4 SYSTEMPATH\CodeIgniter.php(932): App\Controllers\Home->catalogo()
 5 SYSTEMPATH\CodeIgniter.php(497): CodeIgniter\CodeIgniter->runController(Object(App\Controllers\Home))
 6 SYSTEMPATH\CodeIgniter.php(366): CodeIgniter\CodeIgniter->handleRequest(null, Object(Config\Cache), false)
 7 FCPATH\index.php(67): CodeIgniter\CodeIgniter->run()
CRITICAL - 2023-08-26 01:00:59 --> Invalid file: "front/footer_view.php"
in SYSTEMPATH\Exceptions\FrameworkException.php on line 33.
 1 SYSTEMPATH\View\View.php(212): CodeIgniter\Exceptions\FrameworkException::forInvalidFile('front/footer_view.php')
 2 SYSTEMPATH\Common.php(1176): CodeIgniter\View\View->render('front/footer_view', [], true)
 3 APPPATH\Controllers\Home.php(25): view('front/footer_view')
 4 SYSTEMPATH\CodeIgniter.php(932): App\Controllers\Home->acerca_de()
 5 SYSTEMPATH\CodeIgniter.php(497): CodeIgniter\CodeIgniter->runController(Object(App\Controllers\Home))
 6 SYSTEMPATH\CodeIgniter.php(366): CodeIgniter\CodeIgniter->handleRequest(null, Object(Config\Cache), false)
 7 FCPATH\index.php(67): CodeIgniter\CodeIgniter->run()
CRITICAL - 2023-08-26 01:01:00 --> Invalid file: "front/footer_view.php"
in SYSTEMPATH\Exceptions\FrameworkException.php on line 33.
 1 SYSTEMPATH\View\View.php(212): CodeIgniter\Exceptions\FrameworkException::forInvalidFile('front/footer_view.php')
 2 SYSTEMPATH\Common.php(1176): CodeIgniter\View\View->render('front/footer_view', [], true)
 3 APPPATH\Controllers\Home.php(18): view('front/footer_view')
 4 SYSTEMPATH\CodeIgniter.php(932): App\Controllers\Home->quienes_somos()
 5 SYSTEMPATH\CodeIgniter.php(497): CodeIgniter\CodeIgniter->runController(Object(App\Controllers\Home))
 6 SYSTEMPATH\CodeIgniter.php(366): CodeIgniter\CodeIgniter->handleRequest(null, Object(Config\Cache), false)
 7 FCPATH\index.php(67): CodeIgniter\CodeIgniter->run()
CRITICAL - 2023-08-26 01:01:01 --> Invalid file: "front/footer_view.php"
in SYSTEMPATH\Exceptions\FrameworkException.php on line 33.
 1 SYSTEMPATH\View\View.php(212): CodeIgniter\Exceptions\FrameworkException::forInvalidFile('front/footer_view.php')
 2 SYSTEMPATH\Common.php(1176): CodeIgniter\View\View->render('front/footer_view', [], true)
 3 APPPATH\Controllers\Home.php(18): view('front/footer_view')
 4 SYSTEMPATH\CodeIgniter.php(932): App\Controllers\Home->quienes_somos()
 5 SYSTEMPATH\CodeIgniter.php(497): CodeIgniter\CodeIgniter->runController(Object(App\Controllers\Home))
 6 SYSTEMPATH\CodeIgniter.php(366): CodeIgniter\CodeIgniter->handleRequest(null, Object(Config\Cache), false)
 7 FCPATH\index.php(67): CodeIgniter\CodeIgniter->run()
CRITICAL - 2023-08-26 01:01:03 --> Invalid file: "front/footer_view.php"
in SYSTEMPATH\Exceptions\FrameworkException.php on line 33.
 1 SYSTEMPATH\View\View.php(212): CodeIgniter\Exceptions\FrameworkException::forInvalidFile('front/footer_view.php')
 2 SYSTEMPATH\Common.php(1176): CodeIgniter\View\View->render('front/footer_view', [], true)
 3 APPPATH\Controllers\Home.php(25): view('front/footer_view')
 4 SYSTEMPATH\CodeIgniter.php(932): App\Controllers\Home->acerca_de()
 5 SYSTEMPATH\CodeIgniter.php(497): CodeIgniter\CodeIgniter->runController(Object(App\Controllers\Home))
 6 SYSTEMPATH\CodeIgniter.php(366): CodeIgniter\CodeIgniter->handleRequest(null, Object(Config\Cache), false)
 7 FCPATH\index.php(67): CodeIgniter\CodeIgniter->run()
CRITICAL - 2023-08-26 01:01:04 --> Invalid file: "front/footer_view.php"
in SYSTEMPATH\Exceptions\FrameworkException.php on line 33.
 1 SYSTEMPATH\View\View.php(212): CodeIgniter\Exceptions\FrameworkException::forInvalidFile('front/footer_view.php')
 2 SYSTEMPATH\Common.php(1176): CodeIgniter\View\View->render('front/footer_view', [], true)
 3 APPPATH\Controllers\Home.php(18): view('front/footer_view')
 4 SYSTEMPATH\CodeIgniter.php(932): App\Controllers\Home->quienes_somos()
 5 SYSTEMPATH\CodeIgniter.php(497): CodeIgniter\CodeIgniter->runController(Object(App\Controllers\Home))
 6 SYSTEMPATH\CodeIgniter.php(366): CodeIgniter\CodeIgniter->handleRequest(null, Object(Config\Cache), false)
 7 FCPATH\index.php(67): CodeIgniter\CodeIgniter->run()
